[2016-10-25 08:01:12] lumen.INFO: Getting Employee: {"id":1,"first_name":"chamin","last_name":"wick","contact_num":"0710483818","address":"sagarika.baduraliya","created_at":null,"updated_at":null}  
[2016-10-25 09:02:06] lumen.ERROR: exception 'Symfony\Component\Console\Exception\CommandNotFoundException' with message 'Command "make:command" is not defined.

Did you mean this?
    make:migration' in /var/www/html/lumen_test/vendor/symfony/console/Application.php:536
Stack trace:
#0 /var/www/html/lumen_test/vendor/symfony/console/Application.php(184): Symfony\Component\Console\Application->find('make:command')
#1 /var/www/html/lumen_test/vendor/symfony/console/Application.php(118): Symfony\Component\Console\Application->doRun(Object(Symfony\Component\Console\Input\ArgvInput), Object(Symfony\Component\Console\Output\ConsoleOutput))
#2 /var/www/html/lumen_test/vendor/laravel/lumen-framework/src/Console/Kernel.php(83): Symfony\Component\Console\Application->run(Object(Symfony\Component\Console\Input\ArgvInput), Object(Symfony\Component\Console\Output\ConsoleOutput))
#3 /var/www/html/lumen_test/artisan(35): Laravel\Lumen\Console\Kernel->handle(Object(Symfony\Component\Console\Input\ArgvInput), Object(Symfony\Component\Console\Output\ConsoleOutput))
#4 {main}  
[2016-10-25 09:34:14] lumen.ERROR: exception 'Symfony\Component\Console\Exception\CommandNotFoundException' with message 'There are no commands defined in the "custom" namespace.' in /var/www/html/lumen_test/vendor/symfony/console/Application.php:490
Stack trace:
#0 /var/www/html/lumen_test/vendor/symfony/console/Application.php(522): Symfony\Component\Console\Application->findNamespace('custom')
#1 /var/www/html/lumen_test/vendor/symfony/console/Application.php(184): Symfony\Component\Console\Application->find('custom:employee...')
#2 /var/www/html/lumen_test/vendor/symfony/console/Application.php(118): Symfony\Component\Console\Application->doRun(Object(Symfony\Component\Console\Input\ArgvInput), Object(Symfony\Component\Console\Output\ConsoleOutput))
#3 /var/www/html/lumen_test/vendor/laravel/lumen-framework/src/Console/Kernel.php(83): Symfony\Component\Console\Application->run(Object(Symfony\Component\Console\Input\ArgvInput), Object(Symfony\Component\Console\Output\ConsoleOutput))
#4 /var/www/html/lumen_test/artisan(35): Laravel\Lumen\Console\Kernel->handle(Object(Symfony\Component\Console\Input\ArgvInput), Object(Symfony\Component\Console\Output\ConsoleOutput))
#5 {main}  
[2016-10-25 10:45:19] lumen.ERROR: exception 'Symfony\Component\Console\Exception\CommandNotFoundException' with message 'There are no commands defined in the "custom" namespace.' in /var/www/html/lumen_test/vendor/symfony/console/Application.php:490
Stack trace:
#0 /var/www/html/lumen_test/vendor/symfony/console/Application.php(522): Symfony\Component\Console\Application->findNamespace('custom')
#1 /var/www/html/lumen_test/vendor/symfony/console/Application.php(184): Symfony\Component\Console\Application->find('custom:employee...')
#2 /var/www/html/lumen_test/vendor/symfony/console/Application.php(118): Symfony\Component\Console\Application->doRun(Object(Symfony\Component\Console\Input\ArgvInput), Object(Symfony\Component\Console\Output\ConsoleOutput))
#3 /var/www/html/lumen_test/vendor/laravel/lumen-framework/src/Console/Kernel.php(86): Symfony\Component\Console\Application->run(Object(Symfony\Component\Console\Input\ArgvInput), Object(Symfony\Component\Console\Output\ConsoleOutput))
#4 /var/www/html/lumen_test/artisan(35): Laravel\Lumen\Console\Kernel->handle(Object(Symfony\Component\Console\Input\ArgvInput), Object(Symfony\Component\Console\Output\ConsoleOutput))
#5 {main}  
[2016-10-25 11:18:57] lumen.ERROR: exception 'RuntimeException' with message 'Could not establish Memcached connection.' in /var/www/html/lumen_test/vendor/illuminate/cache/MemcachedConnector.php:108
Stack trace:
#0 /var/www/html/lumen_test/vendor/illuminate/cache/MemcachedConnector.php(40): Illuminate\Cache\MemcachedConnector->validateConnection(Object(Memcached))
#1 /var/www/html/lumen_test/vendor/illuminate/cache/CacheManager.php(169): Illuminate\Cache\MemcachedConnector->connect(Array, NULL, Array, Array)
#2 /var/www/html/lumen_test/vendor/illuminate/cache/CacheManager.php(102): Illuminate\Cache\CacheManager->createMemcachedDriver(Array)
#3 /var/www/html/lumen_test/vendor/illuminate/cache/CacheManager.php(77): Illuminate\Cache\CacheManager->resolve('memcached')
#4 /var/www/html/lumen_test/vendor/illuminate/cache/CacheManager.php(55): Illuminate\Cache\CacheManager->get('memcached')
#5 /var/www/html/lumen_test/vendor/illuminate/cache/Console/ClearCommand.php(55): Illuminate\Cache\CacheManager->store(NULL)
#6 [internal function]: Illuminate\Cache\Console\ClearCommand->handle()
#7 /var/www/html/lumen_test/vendor/illuminate/container/Container.php(508): call_user_func_array(Array, Array)
#8 /var/www/html/lumen_test/vendor/illuminate/console/Command.php(169): Illuminate\Container\Container->call(Array)
#9 /var/www/html/lumen_test/vendor/symfony/console/Command/Command.php(256): Illuminate\Console\Command->execute(Object(Symfony\Component\Console\Input\ArgvInput), Object(Symfony\Component\Console\Output\ConsoleOutput))
#10 /var/www/html/lumen_test/vendor/illuminate/console/Command.php(155): Symfony\Component\Console\Command\Command->run(Object(Symfony\Component\Console\Input\ArgvInput), Object(Symfony\Component\Console\Output\ConsoleOutput))
#11 /var/www/html/lumen_test/vendor/symfony/console/Application.php(820): Illuminate\Console\Command->run(Object(Symfony\Component\Console\Input\ArgvInput), Object(Symfony\Component\Console\Output\ConsoleOutput))
#12 /var/www/html/lumen_test/vendor/symfony/console/Application.php(187): Symfony\Component\Console\Application->doRunCommand(Object(Illuminate\Cache\Console\ClearCommand), Object(Symfony\Component\Console\Input\ArgvInput), Object(Symfony\Component\Console\Output\ConsoleOutput))
#13 /var/www/html/lumen_test/vendor/symfony/console/Application.php(118): Symfony\Component\Console\Application->doRun(Object(Symfony\Component\Console\Input\ArgvInput), Object(Symfony\Component\Console\Output\ConsoleOutput))
#14 /var/www/html/lumen_test/vendor/laravel/lumen-framework/src/Console/Kernel.php(86): Symfony\Component\Console\Application->run(Object(Symfony\Component\Console\Input\ArgvInput), Object(Symfony\Component\Console\Output\ConsoleOutput))
#15 /var/www/html/lumen_test/artisan(35): Laravel\Lumen\Console\Kernel->handle(Object(Symfony\Component\Console\Input\ArgvInput), Object(Symfony\Component\Console\Output\ConsoleOutput))
#16 {main}  
[2016-10-25 11:19:07] lumen.ERROR: exception 'Symfony\Component\Console\Exception\CommandNotFoundException' with message 'There are no commands defined in the "custom" namespace.' in /var/www/html/lumen_test/vendor/symfony/console/Application.php:490
Stack trace:
#0 /var/www/html/lumen_test/vendor/symfony/console/Application.php(522): Symfony\Component\Console\Application->findNamespace('custom')
#1 /var/www/html/lumen_test/vendor/symfony/console/Application.php(184): Symfony\Component\Console\Application->find('custom:employee...')
#2 /var/www/html/lumen_test/vendor/symfony/console/Application.php(118): Symfony\Component\Console\Application->doRun(Object(Symfony\Component\Console\Input\ArgvInput), Object(Symfony\Component\Console\Output\ConsoleOutput))
#3 /var/www/html/lumen_test/vendor/laravel/lumen-framework/src/Console/Kernel.php(86): Symfony\Component\Console\Application->run(Object(Symfony\Component\Console\Input\ArgvInput), Object(Symfony\Component\Console\Output\ConsoleOutput))
#4 /var/www/html/lumen_test/artisan(35): Laravel\Lumen\Console\Kernel->handle(Object(Symfony\Component\Console\Input\ArgvInput), Object(Symfony\Component\Console\Output\ConsoleOutput))
#5 {main}  
[2016-10-25 11:22:14] lumen.ERROR: exception 'RuntimeException' with message 'Could not establish Memcached connection.' in /var/www/html/lumen_test/vendor/illuminate/cache/MemcachedConnector.php:108
Stack trace:
#0 /var/www/html/lumen_test/vendor/illuminate/cache/MemcachedConnector.php(40): Illuminate\Cache\MemcachedConnector->validateConnection(Object(Memcached))
#1 /var/www/html/lumen_test/vendor/illuminate/cache/CacheManager.php(169): Illuminate\Cache\MemcachedConnector->connect(Array, NULL, Array, Array)
#2 /var/www/html/lumen_test/vendor/illuminate/cache/CacheManager.php(102): Illuminate\Cache\CacheManager->createMemcachedDriver(Array)
#3 /var/www/html/lumen_test/vendor/illuminate/cache/CacheManager.php(77): Illuminate\Cache\CacheManager->resolve('memcached')
#4 /var/www/html/lumen_test/vendor/illuminate/cache/CacheManager.php(55): Illuminate\Cache\CacheManager->get('memcached')
#5 /var/www/html/lumen_test/vendor/illuminate/cache/Console/ClearCommand.php(55): Illuminate\Cache\CacheManager->store(NULL)
#6 [internal function]: Illuminate\Cache\Console\ClearCommand->handle()
#7 /var/www/html/lumen_test/vendor/illuminate/container/Container.php(508): call_user_func_array(Array, Array)
#8 /var/www/html/lumen_test/vendor/illuminate/console/Command.php(169): Illuminate\Container\Container->call(Array)
#9 /var/www/html/lumen_test/vendor/symfony/console/Command/Command.php(256): Illuminate\Console\Command->execute(Object(Symfony\Component\Console\Input\ArgvInput), Object(Symfony\Component\Console\Output\ConsoleOutput))
#10 /var/www/html/lumen_test/vendor/illuminate/console/Command.php(155): Symfony\Component\Console\Command\Command->run(Object(Symfony\Component\Console\Input\ArgvInput), Object(Symfony\Component\Console\Output\ConsoleOutput))
#11 /var/www/html/lumen_test/vendor/symfony/console/Application.php(820): Illuminate\Console\Command->run(Object(Symfony\Component\Console\Input\ArgvInput), Object(Symfony\Component\Console\Output\ConsoleOutput))
#12 /var/www/html/lumen_test/vendor/symfony/console/Application.php(187): Symfony\Component\Console\Application->doRunCommand(Object(Illuminate\Cache\Console\ClearCommand), Object(Symfony\Component\Console\Input\ArgvInput), Object(Symfony\Component\Console\Output\ConsoleOutput))
#13 /var/www/html/lumen_test/vendor/symfony/console/Application.php(118): Symfony\Component\Console\Application->doRun(Object(Symfony\Component\Console\Input\ArgvInput), Object(Symfony\Component\Console\Output\ConsoleOutput))
#14 /var/www/html/lumen_test/vendor/laravel/lumen-framework/src/Console/Kernel.php(86): Symfony\Component\Console\Application->run(Object(Symfony\Component\Console\Input\ArgvInput), Object(Symfony\Component\Console\Output\ConsoleOutput))
#15 /var/www/html/lumen_test/artisan(35): Laravel\Lumen\Console\Kernel->handle(Object(Symfony\Component\Console\Input\ArgvInput), Object(Symfony\Component\Console\Output\ConsoleOutput))
#16 {main}  
[2016-10-25 11:22:17] lumen.ERROR: exception 'Symfony\Component\Console\Exception\CommandNotFoundException' with message 'There are no commands defined in the "custom" namespace.' in /var/www/html/lumen_test/vendor/symfony/console/Application.php:490
Stack trace:
#0 /var/www/html/lumen_test/vendor/symfony/console/Application.php(522): Symfony\Component\Console\Application->findNamespace('custom')
#1 /var/www/html/lumen_test/vendor/symfony/console/Application.php(184): Symfony\Component\Console\Application->find('custom:employee...')
#2 /var/www/html/lumen_test/vendor/symfony/console/Application.php(118): Symfony\Component\Console\Application->doRun(Object(Symfony\Component\Console\Input\ArgvInput), Object(Symfony\Component\Console\Output\ConsoleOutput))
#3 /var/www/html/lumen_test/vendor/laravel/lumen-framework/src/Console/Kernel.php(86): Symfony\Component\Console\Application->run(Object(Symfony\Component\Console\Input\ArgvInput), Object(Symfony\Component\Console\Output\ConsoleOutput))
#4 /var/www/html/lumen_test/artisan(35): Laravel\Lumen\Console\Kernel->handle(Object(Symfony\Component\Console\Input\ArgvInput), Object(Symfony\Component\Console\Output\ConsoleOutput))
#5 {main}  
[2016-10-25 11:26:31] lumen.ERROR: exception 'Symfony\Component\Console\Exception\CommandNotFoundException' with message 'There are no commands defined in the "custom" namespace.' in /var/www/html/lumen_test/vendor/symfony/console/Application.php:490
Stack trace:
#0 /var/www/html/lumen_test/vendor/symfony/console/Application.php(522): Symfony\Component\Console\Application->findNamespace('custom')
#1 /var/www/html/lumen_test/vendor/symfony/console/Application.php(184): Symfony\Component\Console\Application->find('custom:employee...')
#2 /var/www/html/lumen_test/vendor/symfony/console/Application.php(118): Symfony\Component\Console\Application->doRun(Object(Symfony\Component\Console\Input\ArgvInput), Object(Symfony\Component\Console\Output\ConsoleOutput))
#3 /var/www/html/lumen_test/vendor/laravel/lumen-framework/src/Console/Kernel.php(86): Symfony\Component\Console\Application->run(Object(Symfony\Component\Console\Input\ArgvInput), Object(Symfony\Component\Console\Output\ConsoleOutput))
#4 /var/www/html/lumen_test/artisan(35): Laravel\Lumen\Console\Kernel->handle(Object(Symfony\Component\Console\Input\ArgvInput), Object(Symfony\Component\Console\Output\ConsoleOutput))
#5 {main}  
[2016-10-25 11:27:46] lumen.ERROR: exception 'Symfony\Component\Console\Exception\CommandNotFoundException' with message 'There are no commands defined in the "custom" namespace.' in /var/www/html/lumen_test/vendor/symfony/console/Application.php:490
Stack trace:
#0 /var/www/html/lumen_test/vendor/symfony/console/Application.php(522): Symfony\Component\Console\Application->findNamespace('custom')
#1 /var/www/html/lumen_test/vendor/symfony/console/Application.php(184): Symfony\Component\Console\Application->find('custom:employee...')
#2 /var/www/html/lumen_test/vendor/symfony/console/Application.php(118): Symfony\Component\Console\Application->doRun(Object(Symfony\Component\Console\Input\ArgvInput), Object(Symfony\Component\Console\Output\ConsoleOutput))
#3 /var/www/html/lumen_test/vendor/laravel/lumen-framework/src/Console/Kernel.php(86): Symfony\Component\Console\Application->run(Object(Symfony\Component\Console\Input\ArgvInput), Object(Symfony\Component\Console\Output\ConsoleOutput))
#4 /var/www/html/lumen_test/artisan(35): Laravel\Lumen\Console\Kernel->handle(Object(Symfony\Component\Console\Input\ArgvInput), Object(Symfony\Component\Console\Output\ConsoleOutput))
#5 {main}  
[2016-10-25 11:27:52] lumen.ERROR: exception 'RuntimeException' with message 'Could not establish Memcached connection.' in /var/www/html/lumen_test/vendor/illuminate/cache/MemcachedConnector.php:108
Stack trace:
#0 /var/www/html/lumen_test/vendor/illuminate/cache/MemcachedConnector.php(40): Illuminate\Cache\MemcachedConnector->validateConnection(Object(Memcached))
#1 /var/www/html/lumen_test/vendor/illuminate/cache/CacheManager.php(169): Illuminate\Cache\MemcachedConnector->connect(Array, NULL, Array, Array)
#2 /var/www/html/lumen_test/vendor/illuminate/cache/CacheManager.php(102): Illuminate\Cache\CacheManager->createMemcachedDriver(Array)
#3 /var/www/html/lumen_test/vendor/illuminate/cache/CacheManager.php(77): Illuminate\Cache\CacheManager->resolve('memcached')
#4 /var/www/html/lumen_test/vendor/illuminate/cache/CacheManager.php(55): Illuminate\Cache\CacheManager->get('memcached')
#5 /var/www/html/lumen_test/vendor/illuminate/cache/Console/ClearCommand.php(55): Illuminate\Cache\CacheManager->store(NULL)
#6 [internal function]: Illuminate\Cache\Console\ClearCommand->handle()
#7 /var/www/html/lumen_test/vendor/illuminate/container/Container.php(508): call_user_func_array(Array, Array)
#8 /var/www/html/lumen_test/vendor/illuminate/console/Command.php(169): Illuminate\Container\Container->call(Array)
#9 /var/www/html/lumen_test/vendor/symfony/console/Command/Command.php(256): Illuminate\Console\Command->execute(Object(Symfony\Component\Console\Input\ArgvInput), Object(Symfony\Component\Console\Output\ConsoleOutput))
#10 /var/www/html/lumen_test/vendor/illuminate/console/Command.php(155): Symfony\Component\Console\Command\Command->run(Object(Symfony\Component\Console\Input\ArgvInput), Object(Symfony\Component\Console\Output\ConsoleOutput))
#11 /var/www/html/lumen_test/vendor/symfony/console/Application.php(820): Illuminate\Console\Command->run(Object(Symfony\Component\Console\Input\ArgvInput), Object(Symfony\Component\Console\Output\ConsoleOutput))
#12 /var/www/html/lumen_test/vendor/symfony/console/Application.php(187): Symfony\Component\Console\Application->doRunCommand(Object(Illuminate\Cache\Console\ClearCommand), Object(Symfony\Component\Console\Input\ArgvInput), Object(Symfony\Component\Console\Output\ConsoleOutput))
#13 /var/www/html/lumen_test/vendor/symfony/console/Application.php(118): Symfony\Component\Console\Application->doRun(Object(Symfony\Component\Console\Input\ArgvInput), Object(Symfony\Component\Console\Output\ConsoleOutput))
#14 /var/www/html/lumen_test/vendor/laravel/lumen-framework/src/Console/Kernel.php(86): Symfony\Component\Console\Application->run(Object(Symfony\Component\Console\Input\ArgvInput), Object(Symfony\Component\Console\Output\ConsoleOutput))
#15 /var/www/html/lumen_test/artisan(35): Laravel\Lumen\Console\Kernel->handle(Object(Symfony\Component\Console\Input\ArgvInput), Object(Symfony\Component\Console\Output\ConsoleOutput))
#16 {main}  
[2016-10-25 11:28:30] lumen.ERROR: exception 'RuntimeException' with message 'Could not establish Memcached connection.' in /var/www/html/lumen_test/vendor/illuminate/cache/MemcachedConnector.php:108
Stack trace:
#0 /var/www/html/lumen_test/vendor/illuminate/cache/MemcachedConnector.php(40): Illuminate\Cache\MemcachedConnector->validateConnection(Object(Memcached))
#1 /var/www/html/lumen_test/vendor/illuminate/cache/CacheManager.php(169): Illuminate\Cache\MemcachedConnector->connect(Array, NULL, Array, Array)
#2 /var/www/html/lumen_test/vendor/illuminate/cache/CacheManager.php(102): Illuminate\Cache\CacheManager->createMemcachedDriver(Array)
#3 /var/www/html/lumen_test/vendor/illuminate/cache/CacheManager.php(77): Illuminate\Cache\CacheManager->resolve('memcached')
#4 /var/www/html/lumen_test/vendor/illuminate/cache/CacheManager.php(55): Illuminate\Cache\CacheManager->get('memcached')
#5 /var/www/html/lumen_test/vendor/illuminate/cache/Console/ClearCommand.php(55): Illuminate\Cache\CacheManager->store(NULL)
#6 [internal function]: Illuminate\Cache\Console\ClearCommand->handle()
#7 /var/www/html/lumen_test/vendor/illuminate/container/Container.php(508): call_user_func_array(Array, Array)
#8 /var/www/html/lumen_test/vendor/illuminate/console/Command.php(169): Illuminate\Container\Container->call(Array)
#9 /var/www/html/lumen_test/vendor/symfony/console/Command/Command.php(256): Illuminate\Console\Command->execute(Object(Symfony\Component\Console\Input\ArgvInput), Object(Symfony\Component\Console\Output\ConsoleOutput))
#10 /var/www/html/lumen_test/vendor/illuminate/console/Command.php(155): Symfony\Component\Console\Command\Command->run(Object(Symfony\Component\Console\Input\ArgvInput), Object(Symfony\Component\Console\Output\ConsoleOutput))
#11 /var/www/html/lumen_test/vendor/symfony/console/Application.php(820): Illuminate\Console\Command->run(Object(Symfony\Component\Console\Input\ArgvInput), Object(Symfony\Component\Console\Output\ConsoleOutput))
#12 /var/www/html/lumen_test/vendor/symfony/console/Application.php(187): Symfony\Component\Console\Application->doRunCommand(Object(Illuminate\Cache\Console\ClearCommand), Object(Symfony\Component\Console\Input\ArgvInput), Object(Symfony\Component\Console\Output\ConsoleOutput))
#13 /var/www/html/lumen_test/vendor/symfony/console/Application.php(118): Symfony\Component\Console\Application->doRun(Object(Symfony\Component\Console\Input\ArgvInput), Object(Symfony\Component\Console\Output\ConsoleOutput))
#14 /var/www/html/lumen_test/vendor/laravel/lumen-framework/src/Console/Kernel.php(86): Symfony\Component\Console\Application->run(Object(Symfony\Component\Console\Input\ArgvInput), Object(Symfony\Component\Console\Output\ConsoleOutput))
#15 /var/www/html/lumen_test/artisan(35): Laravel\Lumen\Console\Kernel->handle(Object(Symfony\Component\Console\Input\ArgvInput), Object(Symfony\Component\Console\Output\ConsoleOutput))
#16 {main}  
[2016-10-25 11:28:41] lumen.ERROR: exception 'Symfony\Component\Console\Exception\RuntimeException' with message 'The "-f" option does not exist.' in /var/www/html/lumen_test/vendor/symfony/console/Input/ArgvInput.php:202
Stack trace:
#0 /var/www/html/lumen_test/vendor/symfony/console/Input/ArgvInput.php(110): Symfony\Component\Console\Input\ArgvInput->addShortOption('f', NULL)
#1 /var/www/html/lumen_test/vendor/symfony/console/Input/ArgvInput.php(86): Symfony\Component\Console\Input\ArgvInput->parseShortOption('-f')
#2 /var/www/html/lumen_test/vendor/symfony/console/Input/Input.php(62): Symfony\Component\Console\Input\ArgvInput->parse()
#3 /var/www/html/lumen_test/vendor/symfony/console/Command/Command.php(221): Symfony\Component\Console\Input\Input->bind(Object(Symfony\Component\Console\Input\InputDefinition))
#4 /var/www/html/lumen_test/vendor/illuminate/console/Command.php(155): Symfony\Component\Console\Command\Command->run(Object(Symfony\Component\Console\Input\ArgvInput), Object(Symfony\Component\Console\Output\ConsoleOutput))
#5 /var/www/html/lumen_test/vendor/symfony/console/Application.php(820): Illuminate\Console\Command->run(Object(Symfony\Component\Console\Input\ArgvInput), Object(Symfony\Component\Console\Output\ConsoleOutput))
#6 /var/www/html/lumen_test/vendor/symfony/console/Application.php(187): Symfony\Component\Console\Application->doRunCommand(Object(Illuminate\Cache\Console\ClearCommand), Object(Symfony\Component\Console\Input\ArgvInput), Object(Symfony\Component\Console\Output\ConsoleOutput))
#7 /var/www/html/lumen_test/vendor/symfony/console/Application.php(118): Symfony\Component\Console\Application->doRun(Object(Symfony\Component\Console\Input\ArgvInput), Object(Symfony\Component\Console\Output\ConsoleOutput))
#8 /var/www/html/lumen_test/vendor/laravel/lumen-framework/src/Console/Kernel.php(86): Symfony\Component\Console\Application->run(Object(Symfony\Component\Console\Input\ArgvInput), Object(Symfony\Component\Console\Output\ConsoleOutput))
#9 /var/www/html/lumen_test/artisan(35): Laravel\Lumen\Console\Kernel->handle(Object(Symfony\Component\Console\Input\ArgvInput), Object(Symfony\Component\Console\Output\ConsoleOutput))
#10 {main}  
[2016-10-25 11:28:45] lumen.ERROR: exception 'Symfony\Component\Console\Exception\RuntimeException' with message 'The "--f" option does not exist.' in /var/www/html/lumen_test/vendor/symfony/console/Input/ArgvInput.php:219
Stack trace:
#0 /var/www/html/lumen_test/vendor/symfony/console/Input/ArgvInput.php(155): Symfony\Component\Console\Input\ArgvInput->addLongOption('f', NULL)
#1 /var/www/html/lumen_test/vendor/symfony/console/Input/ArgvInput.php(84): Symfony\Component\Console\Input\ArgvInput->parseLongOption('--f')
#2 /var/www/html/lumen_test/vendor/symfony/console/Input/Input.php(62): Symfony\Component\Console\Input\ArgvInput->parse()
#3 /var/www/html/lumen_test/vendor/symfony/console/Command/Command.php(221): Symfony\Component\Console\Input\Input->bind(Object(Symfony\Component\Console\Input\InputDefinition))
#4 /var/www/html/lumen_test/vendor/illuminate/console/Command.php(155): Symfony\Component\Console\Command\Command->run(Object(Symfony\Component\Console\Input\ArgvInput), Object(Symfony\Component\Console\Output\ConsoleOutput))
#5 /var/www/html/lumen_test/vendor/symfony/console/Application.php(820): Illuminate\Console\Command->run(Object(Symfony\Component\Console\Input\ArgvInput), Object(Symfony\Component\Console\Output\ConsoleOutput))
#6 /var/www/html/lumen_test/vendor/symfony/console/Application.php(187): Symfony\Component\Console\Application->doRunCommand(Object(Illuminate\Cache\Console\ClearCommand), Object(Symfony\Component\Console\Input\ArgvInput), Object(Symfony\Component\Console\Output\ConsoleOutput))
#7 /var/www/html/lumen_test/vendor/symfony/console/Application.php(118): Symfony\Component\Console\Application->doRun(Object(Symfony\Component\Console\Input\ArgvInput), Object(Symfony\Component\Console\Output\ConsoleOutput))
#8 /var/www/html/lumen_test/vendor/laravel/lumen-framework/src/Console/Kernel.php(86): Symfony\Component\Console\Application->run(Object(Symfony\Component\Console\Input\ArgvInput), Object(Symfony\Component\Console\Output\ConsoleOutput))
#9 /var/www/html/lumen_test/artisan(35): Laravel\Lumen\Console\Kernel->handle(Object(Symfony\Component\Console\Input\ArgvInput), Object(Symfony\Component\Console\Output\ConsoleOutput))
#10 {main}  
[2016-10-25 11:28:49] lumen.ERROR: exception 'Symfony\Component\Console\Exception\RuntimeException' with message 'The "-f" option does not exist.' in /var/www/html/lumen_test/vendor/symfony/console/Input/ArgvInput.php:202
Stack trace:
#0 /var/www/html/lumen_test/vendor/symfony/console/Input/ArgvInput.php(110): Symfony\Component\Console\Input\ArgvInput->addShortOption('f', NULL)
#1 /var/www/html/lumen_test/vendor/symfony/console/Input/ArgvInput.php(86): Symfony\Component\Console\Input\ArgvInput->parseShortOption('-f')
#2 /var/www/html/lumen_test/vendor/symfony/console/Input/Input.php(62): Symfony\Component\Console\Input\ArgvInput->parse()
#3 /var/www/html/lumen_test/vendor/symfony/console/Command/Command.php(221): Symfony\Component\Console\Input\Input->bind(Object(Symfony\Component\Console\Input\InputDefinition))
#4 /var/www/html/lumen_test/vendor/illuminate/console/Command.php(155): Symfony\Component\Console\Command\Command->run(Object(Symfony\Component\Console\Input\ArgvInput), Object(Symfony\Component\Console\Output\ConsoleOutput))
#5 /var/www/html/lumen_test/vendor/symfony/console/Application.php(820): Illuminate\Console\Command->run(Object(Symfony\Component\Console\Input\ArgvInput), Object(Symfony\Component\Console\Output\ConsoleOutput))
#6 /var/www/html/lumen_test/vendor/symfony/console/Application.php(187): Symfony\Component\Console\Application->doRunCommand(Object(Illuminate\Cache\Console\ClearCommand), Object(Symfony\Component\Console\Input\ArgvInput), Object(Symfony\Component\Console\Output\ConsoleOutput))
#7 /var/www/html/lumen_test/vendor/symfony/console/Application.php(118): Symfony\Component\Console\Application->doRun(Object(Symfony\Component\Console\Input\ArgvInput), Object(Symfony\Component\Console\Output\ConsoleOutput))
#8 /var/www/html/lumen_test/vendor/laravel/lumen-framework/src/Console/Kernel.php(86): Symfony\Component\Console\Application->run(Object(Symfony\Component\Console\Input\ArgvInput), Object(Symfony\Component\Console\Output\ConsoleOutput))
#9 /var/www/html/lumen_test/artisan(35): Laravel\Lumen\Console\Kernel->handle(Object(Symfony\Component\Console\Input\ArgvInput), Object(Symfony\Component\Console\Output\ConsoleOutput))
#10 {main}  
[2016-10-25 11:28:55] lumen.ERROR: exception 'Symfony\Component\Console\Exception\CommandNotFoundException' with message 'Command "cache" is not defined.

Did you mean this?
    cache:clear' in /var/www/html/lumen_test/vendor/symfony/console/Application.php:536
Stack trace:
#0 /var/www/html/lumen_test/vendor/symfony/console/Application.php(184): Symfony\Component\Console\Application->find('cache')
#1 /var/www/html/lumen_test/vendor/symfony/console/Application.php(118): Symfony\Component\Console\Application->doRun(Object(Symfony\Component\Console\Input\ArgvInput), Object(Symfony\Component\Console\Output\ConsoleOutput))
#2 /var/www/html/lumen_test/vendor/laravel/lumen-framework/src/Console/Kernel.php(86): Symfony\Component\Console\Application->run(Object(Symfony\Component\Console\Input\ArgvInput), Object(Symfony\Component\Console\Output\ConsoleOutput))
#3 /var/www/html/lumen_test/artisan(35): Laravel\Lumen\Console\Kernel->handle(Object(Symfony\Component\Console\Input\ArgvInput), Object(Symfony\Component\Console\Output\ConsoleOutput))
#4 {main}  
[2016-10-25 11:29:01] lumen.ERROR: exception 'RuntimeException' with message 'Could not establish Memcached connection.' in /var/www/html/lumen_test/vendor/illuminate/cache/MemcachedConnector.php:108
Stack trace:
#0 /var/www/html/lumen_test/vendor/illuminate/cache/MemcachedConnector.php(40): Illuminate\Cache\MemcachedConnector->validateConnection(Object(Memcached))
#1 /var/www/html/lumen_test/vendor/illuminate/cache/CacheManager.php(169): Illuminate\Cache\MemcachedConnector->connect(Array, NULL, Array, Array)
#2 /var/www/html/lumen_test/vendor/illuminate/cache/CacheManager.php(102): Illuminate\Cache\CacheManager->createMemcachedDriver(Array)
#3 /var/www/html/lumen_test/vendor/illuminate/cache/CacheManager.php(77): Illuminate\Cache\CacheManager->resolve('memcached')
#4 /var/www/html/lumen_test/vendor/illuminate/cache/CacheManager.php(55): Illuminate\Cache\CacheManager->get('memcached')
#5 /var/www/html/lumen_test/vendor/illuminate/cache/Console/ClearCommand.php(55): Illuminate\Cache\CacheManager->store(NULL)
#6 [internal function]: Illuminate\Cache\Console\ClearCommand->handle()
#7 /var/www/html/lumen_test/vendor/illuminate/container/Container.php(508): call_user_func_array(Array, Array)
#8 /var/www/html/lumen_test/vendor/illuminate/console/Command.php(169): Illuminate\Container\Container->call(Array)
#9 /var/www/html/lumen_test/vendor/symfony/console/Command/Command.php(256): Illuminate\Console\Command->execute(Object(Symfony\Component\Console\Input\ArgvInput), Object(Symfony\Component\Console\Output\ConsoleOutput))
#10 /var/www/html/lumen_test/vendor/illuminate/console/Command.php(155): Symfony\Component\Console\Command\Command->run(Object(Symfony\Component\Console\Input\ArgvInput), Object(Symfony\Component\Console\Output\ConsoleOutput))
#11 /var/www/html/lumen_test/vendor/symfony/console/Application.php(820): Illuminate\Console\Command->run(Object(Symfony\Component\Console\Input\ArgvInput), Object(Symfony\Component\Console\Output\ConsoleOutput))
#12 /var/www/html/lumen_test/vendor/symfony/console/Application.php(187): Symfony\Component\Console\Application->doRunCommand(Object(Illuminate\Cache\Console\ClearCommand), Object(Symfony\Component\Console\Input\ArgvInput), Object(Symfony\Component\Console\Output\ConsoleOutput))
#13 /var/www/html/lumen_test/vendor/symfony/console/Application.php(118): Symfony\Component\Console\Application->doRun(Object(Symfony\Component\Console\Input\ArgvInput), Object(Symfony\Component\Console\Output\ConsoleOutput))
#14 /var/www/html/lumen_test/vendor/laravel/lumen-framework/src/Console/Kernel.php(86): Symfony\Component\Console\Application->run(Object(Symfony\Component\Console\Input\ArgvInput), Object(Symfony\Component\Console\Output\ConsoleOutput))
#15 /var/www/html/lumen_test/artisan(35): Laravel\Lumen\Console\Kernel->handle(Object(Symfony\Component\Console\Input\ArgvInput), Object(Symfony\Component\Console\Output\ConsoleOutput))
#16 {main}  
[2016-10-25 11:33:44] lumen.ERROR: exception 'ErrorException' with message 'Invalid argument supplied for foreach()' in /var/www/html/lumen_test/vendor/illuminate/console/Command.php:137
Stack trace:
#0 /var/www/html/lumen_test/vendor/illuminate/console/Command.php(137): Laravel\Lumen\Application->Laravel\Lumen\Concerns\{closure}(2, 'Invalid argumen...', '/var/www/html/l...', 137, Array)
#1 /var/www/html/lumen_test/vendor/illuminate/console/Command.php(99): Illuminate\Console\Command->specifyParameters()
#2 [internal function]: Illuminate\Console\Command->__construct()
#3 /var/www/html/lumen_test/vendor/illuminate/container/Container.php(794): ReflectionClass->newInstanceArgs(Array)
#4 /var/www/html/lumen_test/vendor/illuminate/container/Container.php(644): Illuminate\Container\Container->build('App\\Console\\Com...', Array)
#5 /var/www/html/lumen_test/vendor/laravel/lumen-framework/src/Application.php(211): Illuminate\Container\Container->make('App\\Console\\Com...', Array)
#6 /var/www/html/lumen_test/vendor/illuminate/console/Application.php(115): Laravel\Lumen\Application->make('App\\Console\\Com...')
#7 /var/www/html/lumen_test/vendor/illuminate/console/Application.php(129): Illuminate\Console\Application->resolve('App\\Console\\Com...')
#8 /var/www/html/lumen_test/vendor/laravel/lumen-framework/src/Console/Kernel.php(166): Illuminate\Console\Application->resolveCommands(Array)
#9 /var/www/html/lumen_test/vendor/laravel/lumen-framework/src/Console/Kernel.php(84): Laravel\Lumen\Console\Kernel->getArtisan()
#10 /var/www/html/lumen_test/artisan(35): Laravel\Lumen\Console\Kernel->handle(Object(Symfony\Component\Console\Input\ArgvInput), Object(Symfony\Component\Console\Output\ConsoleOutput))
#11 {main}  
[2016-10-26 13:00:09] lumen.ERROR: exception 'Symfony\Component\Console\Exception\CommandNotFoundException' with message 'Command "event" is not defined.' in /var/www/html/lumen_test/vendor/symfony/console/Application.php:536
Stack trace:
#0 /var/www/html/lumen_test/vendor/symfony/console/Application.php(184): Symfony\Component\Console\Application->find('event')
#1 /var/www/html/lumen_test/vendor/symfony/console/Application.php(118): Symfony\Component\Console\Application->doRun(Object(Symfony\Component\Console\Input\ArgvInput), Object(Symfony\Component\Console\Output\ConsoleOutput))
#2 /var/www/html/lumen_test/vendor/laravel/lumen-framework/src/Console/Kernel.php(84): Symfony\Component\Console\Application->run(Object(Symfony\Component\Console\Input\ArgvInput), Object(Symfony\Component\Console\Output\ConsoleOutput))
#3 /var/www/html/lumen_test/artisan(35): Laravel\Lumen\Console\Kernel->handle(Object(Symfony\Component\Console\Input\ArgvInput), Object(Symfony\Component\Console\Output\ConsoleOutput))
#4 {main}  
[2016-10-27 10:05:28] lumen.ERROR: exception 'Symfony\Component\Console\Exception\CommandNotFoundException' with message 'Command "event" is not defined.' in /var/www/html/lumen_test/vendor/symfony/console/Application.php:536
Stack trace:
#0 /var/www/html/lumen_test/vendor/symfony/console/Application.php(184): Symfony\Component\Console\Application->find('event')
#1 /var/www/html/lumen_test/vendor/symfony/console/Application.php(118): Symfony\Component\Console\Application->doRun(Object(Symfony\Component\Console\Input\ArgvInput), Object(Symfony\Component\Console\Output\ConsoleOutput))
#2 /var/www/html/lumen_test/vendor/laravel/lumen-framework/src/Console/Kernel.php(84): Symfony\Component\Console\Application->run(Object(Symfony\Component\Console\Input\ArgvInput), Object(Symfony\Component\Console\Output\ConsoleOutput))
#3 /var/www/html/lumen_test/artisan(35): Laravel\Lumen\Console\Kernel->handle(Object(Symfony\Component\Console\Input\ArgvInput), Object(Symfony\Component\Console\Output\ConsoleOutput))
#4 {main}  
[2016-10-27 10:05:37] lumen.ERROR: exception 'Symfony\Component\Console\Exception\CommandNotFoundException' with message 'There are no commands defined in the "event" namespace.' in /var/www/html/lumen_test/vendor/symfony/console/Application.php:490
Stack trace:
#0 /var/www/html/lumen_test/vendor/symfony/console/Application.php(522): Symfony\Component\Console\Application->findNamespace('event')
#1 /var/www/html/lumen_test/vendor/symfony/console/Application.php(184): Symfony\Component\Console\Application->find('event:generate')
#2 /var/www/html/lumen_test/vendor/symfony/console/Application.php(118): Symfony\Component\Console\Application->doRun(Object(Symfony\Component\Console\Input\ArgvInput), Object(Symfony\Component\Console\Output\ConsoleOutput))
#3 /var/www/html/lumen_test/vendor/laravel/lumen-framework/src/Console/Kernel.php(84): Symfony\Component\Console\Application->run(Object(Symfony\Component\Console\Input\ArgvInput), Object(Symfony\Component\Console\Output\ConsoleOutput))
#4 /var/www/html/lumen_test/artisan(35): Laravel\Lumen\Console\Kernel->handle(Object(Symfony\Component\Console\Input\ArgvInput), Object(Symfony\Component\Console\Output\ConsoleOutput))
#5 {main}  
